<?xml version="1.0" encoding="UTF-8"?>
<Site BuildName="(empty)"
	BuildStamp="20221126-0126-Experimental"
	Name="(empty)"
	Generator="ctest-3.23.0"
	CompilerName=""
	CompilerVersion=""
	OSName="Linux"
	Hostname="66c193dd3fc3"
	OSRelease="5.10.102.1-microsoft-standard-WSL2"
	OSVersion="#1 SMP Wed Mar 2 00:30:59 UTC 2022"
	OSPlatform="x86_64"
	Is64Bits="1"
	VendorString="GenuineIntel"
	VendorID="Intel Corporation"
	FamilyID="6"
	ModelID="158"
	ProcessorCacheSize="6144"
	NumberOfLogicalCPU="4"
	NumberOfPhysicalCPU="4"
	TotalVirtualMemory="4096"
	TotalPhysicalMemory="12689"
	LogicalProcessorsPerPhysical="1"
	ProcessorClockFrequency="2496"
	>
	<Testing>
		<StartDateTime>Nov 26 01:26 UTC</StartDateTime>
		<StartTestTime>1669425972</StartTestTime>
		<TestList/>
		<EndDateTime>Nov 26 01:26 UTC</EndDateTime>
		<EndTestTime>1669425972</EndTestTime>
		<ElapsedMinutes>0</ElapsedMinutes>
	</Testing>
</Site>
